<?xml version="1.0" encoding="UTF-8"?>
<!-- Generated by org.testng.reporters.JUnitReportReporter -->
<testsuite hostname="TEPL-THN-WS649" failures="0" tests="2" name="Runs.DiameterConfiguration" time="21.547" errors="0" timestamp="2024-12-04T10:24:41 IST" skipped="0">
  <testcase classname="Runs.DiameterConfiguration" name="LossandOutletOverallTotal" time="21.159"/>
  <system-out/>
  <testcase classname="Runs.DiameterConfiguration" name="verifyDiameterConfigurationCal" time="0.388"/>
  <system-out/>
</testsuite> <!-- Runs.DiameterConfiguration -->
