<?xml version="1.0" encoding="UTF-8"?>
<!-- Generated by org.testng.reporters.JUnitReportReporter -->
<testsuite hostname="TEPL-THN-WS649" failures="0" tests="2" name="UserManagement.addUser" time="8.587" errors="0" timestamp="2024-05-27T16:43:02 IST" skipped="0">
  <testcase classname="UserManagement.addUser" name="addUsers" time="5.742"/>
  <system-out/>
  <testcase classname="UserManagement.addUser" name="deleteUser" time="2.845"/>
  <system-out/>
</testsuite> <!-- UserManagement.addUser -->
