<?xml version="1.0" encoding="UTF-8"?>
<!-- Generated by org.testng.reporters.JUnitReportReporter -->
<testsuite hostname="TEPL-THN-WS649" failures="0" tests="20" name="SingleRun.ModelList" time="135.839" errors="0" timestamp="2024-06-06T16:20:17 IST" skipped="0">
  <testcase classname="SingleRun.ModelList" name="modelListAerco" time="10.567"/>
  <system-out/>
  <testcase classname="SingleRun.ModelList" name="modelListCamus" time="6.892"/>
  <system-out/>
  <testcase classname="SingleRun.ModelList" name="modelListCleaverBrooks" time="6.903"/>
  <system-out/>
  <testcase classname="SingleRun.ModelList" name="modelListFulton" time="7.000"/>
  <system-out/>
  <testcase classname="SingleRun.ModelList" name="modelListLaars" time="6.807"/>
  <system-out/>
  <testcase classname="SingleRun.ModelList" name="modelListLochinvar" time="6.775"/>
  <system-out/>
  <testcase classname="SingleRun.ModelList" name="modelListPattersonKelley" time="2.491"/>
  <system-out/>
  <testcase classname="SingleRun.ModelList" name="modelListPVI" time="6.778"/>
  <system-out/>
  <testcase classname="SingleRun.ModelList" name="modelListRBI" time="6.762"/>
  <system-out/>
  <testcase classname="SingleRun.ModelList" name="modelListRiello" time="6.809"/>
  <system-out/>
  <testcase classname="SingleRun.ModelList" name="modelListAdvancedthermalDynamics" time="6.746"/>
  <system-out/>
  <testcase classname="SingleRun.ModelList" name="modelListBryan" time="7.062"/>
  <system-out/>
  <testcase classname="SingleRun.ModelList" name="modelListDeDietrich" time="6.901"/>
  <system-out/>
  <testcase classname="SingleRun.ModelList" name="modelListHurst" time="6.784"/>
  <system-out/>
  <testcase classname="SingleRun.ModelList" name="modelListKohlergenset" time="6.763"/>
  <system-out/>
  <testcase classname="SingleRun.ModelList" name="modelListMiura" time="6.746"/>
  <system-out/>
  <testcase classname="SingleRun.ModelList" name="modelListRaypack" time="6.751"/>
  <system-out/>
  <testcase classname="SingleRun.ModelList" name="modelListViessmann" time="6.768"/>
  <system-out/>
  <testcase classname="SingleRun.ModelList" name="modelListWeilMcClain" time="6.764"/>
  <system-out/>
  <testcase classname="SingleRun.ModelList" name="modelListGenerator" time="6.770"/>
  <system-out/>
</testsuite> <!-- SingleRun.ModelList -->
