<?xml version="1.0" encoding="UTF-8"?>
<!-- Generated by org.testng.reporters.JUnitReportReporter -->
<testsuite hostname="TEPL-THN-WS649" failures="0" tests="2" name="UserManagement.userActiveAndInactive" time="10.362" errors="0" timestamp="2024-11-25T12:37:34 IST" skipped="0">
  <testcase classname="UserManagement.userActiveAndInactive" name="userStatusCount" time="5.321"/>
  <system-out/>
  <testcase classname="UserManagement.userActiveAndInactive" name="userStatusVerification" time="5.041"/>
  <system-out/>
</testsuite> <!-- UserManagement.userActiveAndInactive -->
