<?xml version="1.0" encoding="UTF-8"?>
<!-- Generated by org.testng.reporters.JUnitReportReporter -->
<testsuite hostname="TEPL-THN-WS649" failures="0" tests="2" name="Runs.SingleRunCreation" time="29.261" errors="0" timestamp="2024-11-26T14:40:59 IST" skipped="0">
  <testcase classname="Runs.SingleRunCreation" name="createRun" time="18.693"/>
  <system-out/>
  <testcase classname="Runs.SingleRunCreation" name="deleteRun" time="10.568"/>
  <system-out/>
</testsuite> <!-- Runs.SingleRunCreation -->
