<?xml version="1.0" encoding="UTF-8"?>
<!-- Generated by org.testng.reporters.JUnitReportReporter -->
<testsuite hostname="TEPL-THN-WS649" failures="1" tests="20" name="Runs.ModelList" time="10.660" errors="0" timestamp="2024-12-04T10:39:56 IST" skipped="19">
  <testcase classname="Runs.ModelList" name="modelListAerco" time="10.660">
    <failure message="expected [46] but found [41]" type="java.lang.AssertionError">
      <![CDATA[java.lang.AssertionError: expected [46] but found [41]
at org.testng.Assert.fail(Assert.java:99)
at org.testng.Assert.failNotEquals(Assert.java:1037)
at org.testng.Assert.assertEqualsImpl(Assert.java:140)
at org.testng.Assert.assertEquals(Assert.java:122)
at org.testng.Assert.assertEquals(Assert.java:907)
at org.testng.Assert.assertEquals(Assert.java:917)
at Runs.ModelList.modelListAerco(ModelList.java:90)
at java.base/jdk.internal.reflect.DirectMethodHandleAccessor.invoke(DirectMethodHandleAccessor.java:103)
at java.base/java.lang.reflect.Method.invoke(Method.java:580)
at org.testng.internal.MethodInvocationHelper.invokeMethod(MethodInvocationHelper.java:133)
at org.testng.internal.TestInvoker.invokeMethod(TestInvoker.java:598)
at org.testng.internal.TestInvoker.invokeTestMethod(TestInvoker.java:173)
at org.testng.internal.MethodRunner.runInSequence(MethodRunner.java:46)
at org.testng.internal.TestInvoker$MethodInvocationAgent.invoke(TestInvoker.java:824)
at org.testng.internal.TestInvoker.invokeTestMethods(TestInvoker.java:146)
at org.testng.internal.TestMethodWorker.invokeTestMethods(TestMethodWorker.java:146)
at org.testng.internal.TestMethodWorker.run(TestMethodWorker.java:128)
at java.base/java.util.ArrayList.forEach(ArrayList.java:1596)
at org.testng.TestRunner.privateRun(TestRunner.java:794)
at org.testng.TestRunner.run(TestRunner.java:596)
at org.testng.SuiteRunner.runTest(SuiteRunner.java:377)
at org.testng.SuiteRunner.runSequentially(SuiteRunner.java:371)
at org.testng.SuiteRunner.privateRun(SuiteRunner.java:332)
at org.testng.SuiteRunner.run(SuiteRunner.java:276)
at org.testng.SuiteRunnerWorker.runSuite(SuiteRunnerWorker.java:53)
at org.testng.SuiteRunnerWorker.run(SuiteRunnerWorker.java:96)
at org.testng.TestNG.runSuitesSequentially(TestNG.java:1212)
at org.testng.TestNG.runSuitesLocally(TestNG.java:1134)
at org.testng.TestNG.runSuites(TestNG.java:1063)
at org.testng.TestNG.run(TestNG.java:1031)
at org.testng.remote.AbstractRemoteTestNG.run(AbstractRemoteTestNG.java:115)
at org.testng.remote.RemoteTestNG.initAndRun(RemoteTestNG.java:293)
at org.testng.remote.RemoteTestNG.main(RemoteTestNG.java:91)
]]>
    </failure>
  </testcase> <!-- modelListAerco -->
  <system-out/>
  <testcase classname="Runs.ModelList" name="modelListCamus" time="0.000">
    <skipped/>
  </testcase> <!-- modelListCamus -->
  <system-out/>
  <testcase classname="Runs.ModelList" name="modelListCleaverBrooks" time="0.000">
    <skipped/>
  </testcase> <!-- modelListCleaverBrooks -->
  <system-out/>
  <testcase classname="Runs.ModelList" name="modelListFulton" time="0.000">
    <skipped/>
  </testcase> <!-- modelListFulton -->
  <system-out/>
  <testcase classname="Runs.ModelList" name="modelListLaars" time="0.000">
    <skipped/>
  </testcase> <!-- modelListLaars -->
  <system-out/>
  <testcase classname="Runs.ModelList" name="modelListLochinvar" time="0.000">
    <skipped/>
  </testcase> <!-- modelListLochinvar -->
  <system-out/>
  <testcase classname="Runs.ModelList" name="modelListPattersonKelley" time="0.000">
    <skipped/>
  </testcase> <!-- modelListPattersonKelley -->
  <system-out/>
  <testcase classname="Runs.ModelList" name="modelListPVI" time="0.000">
    <skipped/>
  </testcase> <!-- modelListPVI -->
  <system-out/>
  <testcase classname="Runs.ModelList" name="modelListRBI" time="0.000">
    <skipped/>
  </testcase> <!-- modelListRBI -->
  <system-out/>
  <testcase classname="Runs.ModelList" name="modelListRiello" time="0.000">
    <skipped/>
  </testcase> <!-- modelListRiello -->
  <system-out/>
  <testcase classname="Runs.ModelList" name="modelListAdvancedthermalDynamics" time="0.000">
    <skipped/>
  </testcase> <!-- modelListAdvancedthermalDynamics -->
  <system-out/>
  <testcase classname="Runs.ModelList" name="modelListBryan" time="0.000">
    <skipped/>
  </testcase> <!-- modelListBryan -->
  <system-out/>
  <testcase classname="Runs.ModelList" name="modelListDeDietrich" time="0.000">
    <skipped/>
  </testcase> <!-- modelListDeDietrich -->
  <system-out/>
  <testcase classname="Runs.ModelList" name="modelListHurst" time="0.000">
    <skipped/>
  </testcase> <!-- modelListHurst -->
  <system-out/>
  <testcase classname="Runs.ModelList" name="modelListKohlergenset" time="0.000">
    <skipped/>
  </testcase> <!-- modelListKohlergenset -->
  <system-out/>
  <testcase classname="Runs.ModelList" name="modelListMiura" time="0.000">
    <skipped/>
  </testcase> <!-- modelListMiura -->
  <system-out/>
  <testcase classname="Runs.ModelList" name="modelListRaypack" time="0.000">
    <skipped/>
  </testcase> <!-- modelListRaypack -->
  <system-out/>
  <testcase classname="Runs.ModelList" name="modelListViessmann" time="0.000">
    <skipped/>
  </testcase> <!-- modelListViessmann -->
  <system-out/>
  <testcase classname="Runs.ModelList" name="modelListWeilMcClain" time="0.000">
    <skipped/>
  </testcase> <!-- modelListWeilMcClain -->
  <system-out/>
  <testcase classname="Runs.ModelList" name="modelListGenerator" time="0.000">
    <skipped/>
  </testcase> <!-- modelListGenerator -->
  <system-out/>
</testsuite> <!-- Runs.ModelList -->
