<?xml version="1.0" encoding="UTF-8"?>
<!-- Generated by org.testng.reporters.JUnitReportReporter -->
<testsuite hostname="TEPL-THN-WS649" failures="0" tests="2" name="Dashboard.DashboardFeatures" time="5.882" errors="0" timestamp="2025-01-10T10:07:37 IST" skipped="0">
  <testcase classname="Dashboard.DashboardFeatures" name="detailsOnDashboard" time="0.481"/>
  <system-out/>
  <testcase classname="Dashboard.DashboardFeatures" name="featureButton" time="5.401"/>
  <system-out/>
</testsuite> <!-- Dashboard.DashboardFeatures -->
